C51 COMPILER V9.54   AT24C02                                                               11/09/2024 21:29:08 PAGE 1   


C51 COMPILER V9.54, COMPILATION OF MODULE AT24C02
OBJECT MODULE PLACED IN .\Objects\AT24C02.obj
COMPILER INVOKED BY: D:\keil5\C51\BIN\C51.EXE AT24C02.c OPTIMIZE(8,SPEED) BROWSE DEBUG OBJECTEXTEND PRINT(.\Listings\AT2
                    -4C02.lst) OBJECT(.\Objects\AT24C02.obj)

line level    source

   1          #include <REGX52.H>
   2          #include "I2C.h"
   3          
   4          #define AT24C02_ADDRESS         0xA0
   5          
   6          void AT24C02_WriteByte(unsigned char WordAddress,Data)
   7          {
   8   1              I2C_Start();
   9   1              I2C_SendByte(AT24C02_ADDRESS);
  10   1              I2C_ReceiveAck();
  11   1              I2C_SendByte(WordAddress);
  12   1              I2C_ReceiveAck();
  13   1              I2C_SendByte(Data);
  14   1              I2C_ReceiveAck();
  15   1              I2C_Stop();
  16   1              
  17   1      }
  18          
  19          unsigned char AT24C02_ReadByte(unsigned char WordAddress)
  20          {
  21   1              unsigned char Data;
  22   1              I2C_Start();
  23   1              I2C_SendByte(AT24C02_ADDRESS);
  24   1              I2C_ReceiveAck();
  25   1              I2C_SendByte(WordAddress);
  26   1              I2C_ReceiveAck(); 
  27   1              I2C_Start();
  28   1              I2C_SendByte(AT24C02_ADDRESS|0x01);
  29   1              I2C_ReceiveAck();
  30   1              Data=I2C_Receive();
  31   1              I2C_SendAck(1);
  32   1              I2C_Stop();
  33   1              
  34   1              return Data;
  35   1      }


MODULE INFORMATION:   STATIC OVERLAYABLE
   CODE SIZE        =     84    ----
   CONSTANT SIZE    =   ----    ----
   XDATA SIZE       =   ----    ----
   PDATA SIZE       =   ----    ----
   DATA SIZE        =   ----       5
   IDATA SIZE       =   ----    ----
   BIT SIZE         =   ----    ----
END OF MODULE INFORMATION.


C51 COMPILATION COMPLETE.  0 WARNING(S),  0 ERROR(S)
