C51 COMPILER V9.54   I2C                                                                   11/08/2024 17:46:49 PAGE 1   


C51 COMPILER V9.54, COMPILATION OF MODULE I2C
OBJECT MODULE PLACED IN .\Objects\I2C.obj
COMPILER INVOKED BY: D:\keil5\C51\BIN\C51.EXE I2C.c OPTIMIZE(8,SPEED) BROWSE DEBUG OBJECTEXTEND PRINT(.\Listings\I2C.lst
                    -) OBJECT(.\Objects\I2C.obj)

line level    source

   1          #include <REGX52.H>
   2          
   3          sbit I2C_SCL=P2^1;
   4          sbit I2C_SDA=P2^0;
   5          
   6          void I2C_Start(void)
   7          {
   8   1              I2C_SDA=1;
   9   1              I2C_SCL=1;
  10   1              I2C_SDA=0;
  11   1              I2C_SCL=0;
  12   1              
  13   1      }
  14          
  15          void I2C_Stop(void)
  16          {
  17   1              I2C_SDA=0;
  18   1              I2C_SCL=1;
  19   1              I2C_SDA=1;
  20   1      }
  21          
  22          void I2C_SendByte(unsigned char Byte)
  23          {
  24   1              unsigned char i;
  25   1              for(i=0;i<8;i++)
  26   1              {
  27   2                      I2C_SDA=Byte&(0x80>>i);
  28   2                      I2C_SCL=1;
  29   2                      I2C_SCL=0;      
  30   2              }
  31   1      }
  32          
  33          unsigned char I2C_Receive(void)
  34          {
  35   1              unsigned char Byte=0x00,i;
  36   1              I2C_SDA=1;
  37   1              
  38   1              for(i=0;i<8;i++)
  39   1              {
  40   2                      I2C_SCL=1;
  41   2                      if(I2C_SDA==1)
  42   2                      {
  43   3                              Byte|=(0x80>>i);
  44   3                      }
  45   2                      I2C_SCL=0;
  46   2              }
  47   1              return Byte;
  48   1      }
  49          
  50          void I2C_SendAck(unsigned char AckBit)//发应答
  51          {
  52   1              I2C_SDA=AckBit;
  53   1              I2C_SCL=1;
  54   1              I2C_SCL=0;
C51 COMPILER V9.54   I2C                                                                   11/08/2024 17:46:49 PAGE 2   

  55   1      }
  56          
  57          unsigned char I2C_ReceiveAck(void)//收应答
  58          {
  59   1              unsigned char AckBit;
  60   1              I2C_SDA=1;
  61   1              I2C_SCL=1;
  62   1              AckBit=I2C_SDA;
  63   1              I2C_SCL=0;
  64   1              
  65   1              return AckBit;
  66   1      }


MODULE INFORMATION:   STATIC OVERLAYABLE
   CODE SIZE        =    109    ----
   CONSTANT SIZE    =   ----    ----
   XDATA SIZE       =   ----    ----
   PDATA SIZE       =   ----    ----
   DATA SIZE        =   ----    ----
   IDATA SIZE       =   ----    ----
   BIT SIZE         =   ----    ----
END OF MODULE INFORMATION.


C51 COMPILATION COMPLETE.  0 WARNING(S),  0 ERROR(S)
