C51 COMPILER V9.54   UART                                                                  11/08/2024 17:46:49 PAGE 1   


C51 COMPILER V9.54, COMPILATION OF MODULE UART
OBJECT MODULE PLACED IN .\Objects\UART.obj
COMPILER INVOKED BY: D:\keil5\C51\BIN\C51.EXE UART.c OPTIMIZE(8,SPEED) BROWSE DEBUG OBJECTEXTEND PRINT(.\Listings\UART.l
                    -st) OBJECT(.\Objects\UART.obj)

line level    source

   1          #include <REGX52.H>
   2          #include "UART.h"
   3          
   4          unsigned char StrBuf[20];
   5          unsigned char R_I;
   6          //unsigned char cnt;
   7          void UartInit(void)             //4800bps@11.0592MHz
   8          {
   9   1      //      Timer0Init();
  10   1              PCON &= 0x7F;           //波特率不倍速
  11   1              SCON = 0x50;            //8位数据,可变波特率
  12   1              TMOD &= 0x0F;           //清除定时器1模式位
  13   1              TMOD |= 0x20;           //设定定时器1为8位自动重装方式
  14   1              TL1 = 0xFA;             //设定定时初值
  15   1              TH1 = 0xFA;             //设定定时器重装值
  16   1              ET1 = 0;                //禁止定时器1中断
  17   1              TR1 = 1;                //启动定时器1
  18   1              EA=1;
  19   1              ES=1;
  20   1      }
  21          //void Timer0Init(void)         //250微秒@11.0592MHz
  22          //{
  23          //      TMOD &= 0xF0;           //设置定时器模式
  24          //      TMOD |= 0x02;           //设置定时器模式
  25          //      TL0 = 0x1A;             //设置定时初值
  26          //      TH0 = 0x1A;             //设置定时重载值
  27          //      TF0 = 0;                //清除TF0标志
  28          //      TR0 = 0;                //定时器0开始计时
  29          //      ET0=1;
  30          //}
  31          
  32          //void Timer0_Routinr() interrupt 1
  33          //{
  34          //      cnt++;
  35          //      if(cnt>100)
  36          //      {
  37          //              TR0=0;
  38          //              cnt=0;
  39          //              
  40          ////            StrBuf[R_I]='\0';
  41          //              R_I=0;
  42          //      }
  43          //}
  44          void UART_SendByte(unsigned char Byte)
  45          {
  46   1              SBUF=Byte;
  47   1              while(TI==0);
  48   1              TI=0;
  49   1      }
  50          
  51          void UART_SendString(unsigned char * str)
  52          {
  53   1              unsigned char i;
  54   1              while(str[i] != '\0')
C51 COMPILER V9.54   UART                                                                  11/08/2024 17:46:49 PAGE 2   

  55   1              {
  56   2                      UART_SendByte(str[i]);
  57   2                      i++;
  58   2              }
  59   1      }
  60          
  61          unsigned char * UART_ReadData(void)
  62          {
  63   1              return StrBuf;
  64   1      }
  65          
  66          void UART_Routine () interrupt 4
  67          {
  68   1              if(RI==1)
  69   1              {
  70   2      //              TR0=1;
  71   2      //              cnt=0;
  72   2      //              TL0 = 0x1A;             //设置定时初值
  73   2      //              TH0 = 0x1A;             //设置定时重载值
  74   2                      StrBuf[R_I++]=SBUF;
  75   2                      RI=0;
  76   2              }
  77   1              
  78   1      }


MODULE INFORMATION:   STATIC OVERLAYABLE
   CODE SIZE        =    109    ----
   CONSTANT SIZE    =   ----    ----
   XDATA SIZE       =   ----    ----
   PDATA SIZE       =   ----    ----
   DATA SIZE        =     21       4
   IDATA SIZE       =   ----    ----
   BIT SIZE         =   ----    ----
END OF MODULE INFORMATION.


C51 COMPILATION COMPLETE.  0 WARNING(S),  0 ERROR(S)
